# JRE version: OpenJDK Runtime Environment (11.0.8+10) (build 11.0.8+10-b944.6842174)
# Java VM: OpenJDK 64-Bit Server VM (11.0.8+10-b944.6842174, mixed mode, tiered, compressed oops, g1 gc, windows-amd64)
Heap:
 garbage-first heap   total 131072K, used 50571K [0x0000000080000000, 0x0000000100000000)
  region size 1024K, 38 young (38912K), 4 survivors (4096K)
 Metaspace       used 24471K, capacity 25082K, committed 25392K, reserved 1071104K
  class space    used 3127K, capacity 3363K, committed 3456K, reserved 1048576K
GC Heap History (10 events):
Event: 2.452 GC heap before
{Heap before GC invocations=0 (full 0):
 garbage-first heap   total 131072K, used 19456K [0x0000000080000000, 0x0000000100000000)
  region size 1024K, 14 young (14336K), 0 survivors (0K)
 Metaspace       used 7412K, capacity 7567K, committed 7680K, reserved 1056768K
  class space    used 667K, capacity 716K, committed 768K, reserved 1048576K
}
Event: 2.458 GC heap after
{Heap after GC invocations=1 (full 0):
 garbage-first heap   total 131072K, used 8116K [0x0000000080000000, 0x0000000100000000)
  region size 1024K, 2 young (2048K), 2 survivors (2048K)
 Metaspace       used 7412K, capacity 7567K, committed 7680K, reserved 1056768K
  class space    used 667K, capacity 716K, committed 768K, reserved 1048576K
}
Event: 3.418 GC heap before
{Heap before GC invocations=1 (full 0):
 garbage-first heap   total 131072K, used 19380K [0x0000000080000000, 0x0000000100000000)
  region size 1024K, 13 young (13312K), 2 survivors (2048K)
 Metaspace       used 10710K, capacity 10992K, committed 11264K, reserved 1058816K
  class space    used 1126K, capacity 1199K, committed 1280K, reserved 1048576K
}
Event: 3.424 GC heap after
{Heap after GC invocations=2 (full 0):
 garbage-first heap   total 131072K, used 9061K [0x0000000080000000, 0x0000000100000000)
  region size 1024K, 1 young (1024K), 1 survivors (1024K)
 Metaspace       used 10710K, capacity 10992K, committed 11264K, reserved 1058816K
  class space    used 1126K, capacity 1199K, committed 1280K, reserved 1048576K
}
Event: 4.955 GC heap before
{Heap before GC invocations=2 (full 0):
 garbage-first heap   total 131072K, used 35685K [0x0000000080000000, 0x0000000100000000)
  region size 1024K, 28 young (28672K), 1 survivors (1024K)
 Metaspace       used 11044K, capacity 11256K, committed 11520K, reserved 1058816K
  class space    used 1145K, capacity 1201K, committed 1280K, reserved 1048576K
}
Event: 4.961 GC heap after
{Heap after GC invocations=3 (full 0):
 garbage-first heap   total 131072K, used 11762K [0x0000000080000000, 0x0000000100000000)
  region size 1024K, 4 young (4096K), 4 survivors (4096K)
 Metaspace       used 11044K, capacity 11256K, committed 11520K, reserved 1058816K
  class space    used 1145K, capacity 1201K, committed 1280K, reserved 1048576K
}
Event: 20.090 GC heap before
{Heap before GC invocations=3 (full 0):
 garbage-first heap   total 131072K, used 52722K [0x0000000080000000, 0x0000000100000000)
  region size 1024K, 44 young (45056K), 4 survivors (4096K)
 Metaspace       used 18135K, capacity 18578K, committed 18688K, reserved 1064960K
  class space    used 2160K, capacity 2294K, committed 2304K, reserved 1048576K
}
Event: 20.109 GC heap after
{Heap after GC invocations=4 (full 0):
 garbage-first heap   total 131072K, used 16100K [0x0000000080000000, 0x0000000100000000)
  region size 1024K, 6 young (6144K), 6 survivors (6144K)
 Metaspace       used 18135K, capacity 18578K, committed 18688K, reserved 1064960K
  class space    used 2160K, capacity 2294K, committed 2304K, reserved 1048576K
}
Event: 20.631 GC heap before
{Heap before GC invocations=4 (full 0):
 garbage-first heap   total 131072K, used 33508K [0x0000000080000000, 0x0000000100000000)
  region size 1024K, 24 young (24576K), 6 survivors (6144K)
 Metaspace       used 20607K, capacity 21127K, committed 21296K, reserved 1069056K
  class space    used 2520K, capacity 2680K, committed 2688K, reserved 1048576K
}
Event: 20.639 GC heap after
{Heap after GC invocations=5 (full 0):
 garbage-first heap   total 131072K, used 16779K [0x0000000080000000, 0x0000000100000000)
  region size 1024K, 4 young (4096K), 4 survivors (4096K)
 Metaspace       used 20607K, capacity 21127K, committed 21296K, reserved 1069056K
  class space    used 2520K, capacity 2680K, committed 2688K, reserved 1048576K
}

