# JRE version: OpenJDK Runtime Environment (11.0.8+10) (build 11.0.8+10-b944.6842174)
# Java VM: OpenJDK 64-Bit Server VM (11.0.8+10-b944.6842174, mixed mode, tiered, compressed oops, g1 gc, windows-amd64)
Heap:
 garbage-first heap   total 344064K, used 205585K [0x0000000080000000, 0x0000000100000000)
  region size 1024K, 8 young (8192K), 1 survivors (1024K)
 Metaspace       used 124592K, capacity 128078K, committed 128420K, reserved 1161216K
  class space    used 14923K, capacity 16155K, committed 16256K, reserved 1048576K
GC Heap History (20 events):
Event: 1105.646 GC heap before
{Heap before GC invocations=100 (full 0):
 garbage-first heap   total 344064K, used 292286K [0x0000000080000000, 0x0000000100000000)
  region size 1024K, 79 young (80896K), 6 survivors (6144K)
 Metaspace       used 124154K, capacity 127531K, committed 127780K, reserved 1161216K
  class space    used 14898K, capacity 16110K, committed 16128K, reserved 1048576K
}
Event: 1105.663 GC heap after
{Heap after GC invocations=101 (full 0):
 garbage-first heap   total 344064K, used 220807K [0x0000000080000000, 0x0000000100000000)
  region size 1024K, 4 young (4096K), 4 survivors (4096K)
 Metaspace       used 124154K, capacity 127531K, committed 127780K, reserved 1161216K
  class space    used 14898K, capacity 16110K, committed 16128K, reserved 1048576K
}
Event: 1108.454 GC heap before
{Heap before GC invocations=101 (full 0):
 garbage-first heap   total 344064K, used 298631K [0x0000000080000000, 0x0000000100000000)
  region size 1024K, 77 young (78848K), 4 survivors (4096K)
 Metaspace       used 124302K, capacity 127720K, committed 127780K, reserved 1161216K
  class space    used 14907K, capacity 16128K, committed 16128K, reserved 1048576K
}
Event: 1108.474 GC heap after
{Heap after GC invocations=102 (full 0):
 garbage-first heap   total 344064K, used 228826K [0x0000000080000000, 0x0000000100000000)
  region size 1024K, 10 young (10240K), 10 survivors (10240K)
 Metaspace       used 124302K, capacity 127720K, committed 127780K, reserved 1161216K
  class space    used 14907K, capacity 16128K, committed 16128K, reserved 1048576K
}
Event: 1109.535 GC heap before
{Heap before GC invocations=102 (full 0):
 garbage-first heap   total 344064K, used 295386K [0x0000000080000000, 0x0000000100000000)
  region size 1024K, 74 young (75776K), 10 survivors (10240K)
 Metaspace       used 124372K, capacity 127854K, committed 128164K, reserved 1161216K
  class space    used 14920K, capacity 16151K, committed 16256K, reserved 1048576K
}
Event: 1109.544 GC heap after
{Heap after GC invocations=103 (full 0):
 garbage-first heap   total 344064K, used 222142K [0x0000000080000000, 0x0000000100000000)
  region size 1024K, 2 young (2048K), 2 survivors (2048K)
 Metaspace       used 124372K, capacity 127854K, committed 128164K, reserved 1161216K
  class space    used 14920K, capacity 16151K, committed 16256K, reserved 1048576K
}
Event: 1786.134 GC heap before
{Heap before GC invocations=103 (full 0):
 garbage-first heap   total 344064K, used 299966K [0x0000000080000000, 0x0000000100000000)
  region size 1024K, 74 young (75776K), 2 survivors (2048K)
 Metaspace       used 124499K, capacity 127923K, committed 128164K, reserved 1161216K
  class space    used 14921K, capacity 16151K, committed 16256K, reserved 1048576K
}
Event: 1786.156 GC heap after
{Heap after GC invocations=104 (full 0):
 garbage-first heap   total 344064K, used 225467K [0x0000000080000000, 0x0000000100000000)
  region size 1024K, 5 young (5120K), 5 survivors (5120K)
 Metaspace       used 124499K, capacity 127923K, committed 128164K, reserved 1161216K
  class space    used 14921K, capacity 16151K, committed 16256K, reserved 1048576K
}
Event: 1787.205 GC heap before
{Heap before GC invocations=104 (full 0):
 garbage-first heap   total 344064K, used 304315K [0x0000000080000000, 0x0000000100000000)
  region size 1024K, 74 young (75776K), 5 survivors (5120K)
 Metaspace       used 124537K, capacity 127943K, committed 128164K, reserved 1161216K
  class space    used 14923K, capacity 16155K, committed 16256K, reserved 1048576K
}
Event: 1787.219 GC heap after
{Heap after GC invocations=105 (full 0):
 garbage-first heap   total 344064K, used 226617K [0x0000000080000000, 0x0000000100000000)
  region size 1024K, 6 young (6144K), 6 survivors (6144K)
 Metaspace       used 124537K, capacity 127943K, committed 128164K, reserved 1161216K
  class space    used 14923K, capacity 16155K, committed 16256K, reserved 1048576K
}
Event: 1788.305 GC heap before
{Heap before GC invocations=105 (full 0):
 garbage-first heap   total 344064K, used 302393K [0x0000000080000000, 0x0000000100000000)
  region size 1024K, 75 young (76800K), 6 survivors (6144K)
 Metaspace       used 124569K, capacity 127945K, committed 128164K, reserved 1161216K
  class space    used 14923K, capacity 16155K, committed 16256K, reserved 1048576K
}
Event: 1788.544 GC heap after
{Heap after GC invocations=106 (full 0):
 garbage-first heap   total 344064K, used 257580K [0x0000000080000000, 0x0000000100000000)
  region size 1024K, 10 young (10240K), 10 survivors (10240K)
 Metaspace       used 124569K, capacity 127945K, committed 128164K, reserved 1161216K
  class space    used 14923K, capacity 16155K, committed 16256K, reserved 1048576K
}
Event: 1789.064 GC heap before
{Heap before GC invocations=106 (full 0):
 garbage-first heap   total 344064K, used 287276K [0x0000000080000000, 0x0000000100000000)
  region size 1024K, 40 young (40960K), 10 survivors (10240K)
 Metaspace       used 124579K, capacity 128012K, committed 128164K, reserved 1161216K
  class space    used 14923K, capacity 16155K, committed 16256K, reserved 1048576K
}
Event: 1789.150 GC heap after
{Heap after GC invocations=107 (full 0):
 garbage-first heap   total 344064K, used 268800K [0x0000000080000000, 0x0000000100000000)
  region size 1024K, 5 young (5120K), 5 survivors (5120K)
 Metaspace       used 124579K, capacity 128012K, committed 128164K, reserved 1161216K
  class space    used 14923K, capacity 16155K, committed 16256K, reserved 1048576K
}
Event: 1790.179 GC heap before
{Heap before GC invocations=107 (full 0):
 garbage-first heap   total 344064K, used 242176K [0x0000000080000000, 0x0000000100000000)
  region size 1024K, 27 young (27648K), 5 survivors (5120K)
 Metaspace       used 124583K, capacity 128012K, committed 128164K, reserved 1161216K
  class space    used 14923K, capacity 16155K, committed 16256K, reserved 1048576K
}
Event: 1790.245 GC heap after
{Heap after GC invocations=108 (full 0):
 garbage-first heap   total 344064K, used 226560K [0x0000000080000000, 0x0000000100000000)
  region size 1024K, 4 young (4096K), 4 survivors (4096K)
 Metaspace       used 124583K, capacity 128012K, committed 128164K, reserved 1161216K
  class space    used 14923K, capacity 16155K, committed 16256K, reserved 1048576K
}
Event: 1790.746 GC heap before
{Heap before GC invocations=109 (full 0):
 garbage-first heap   total 344064K, used 274688K [0x0000000080000000, 0x0000000100000000)
  region size 1024K, 46 young (47104K), 4 survivors (4096K)
 Metaspace       used 124583K, capacity 128012K, committed 128164K, reserved 1161216K
  class space    used 14923K, capacity 16155K, committed 16256K, reserved 1048576K
}
Event: 1790.776 GC heap after
{Heap after GC invocations=110 (full 0):
 garbage-first heap   total 344064K, used 236288K [0x0000000080000000, 0x0000000100000000)
  region size 1024K, 5 young (5120K), 5 survivors (5120K)
 Metaspace       used 124583K, capacity 128012K, committed 128164K, reserved 1161216K
  class space    used 14923K, capacity 16155K, committed 16256K, reserved 1048576K
}
Event: 1791.025 GC heap before
{Heap before GC invocations=110 (full 0):
 garbage-first heap   total 344064K, used 247552K [0x0000000080000000, 0x0000000100000000)
  region size 1024K, 16 young (16384K), 5 survivors (5120K)
 Metaspace       used 124589K, capacity 128012K, committed 128164K, reserved 1161216K
  class space    used 14923K, capacity 16155K, committed 16256K, reserved 1048576K
}
Event: 1791.059 GC heap after
{Heap after GC invocations=111 (full 0):
 garbage-first heap   total 344064K, used 199441K [0x0000000080000000, 0x0000000100000000)
  region size 1024K, 1 young (1024K), 1 survivors (1024K)
 Metaspace       used 124589K, capacity 128012K, committed 128164K, reserved 1161216K
  class space    used 14923K, capacity 16155K, committed 16256K, reserved 1048576K
}

